[0m2021.12.02 10:47:41 INFO  Started: Metals version 0.10.9 in workspace '/Users/kamilpostrozny/Documents/Projects/personal/advent' for client Visual Studio Code 1.62.3.[0m
[0m2021.12.02 10:47:43 INFO  time: initialize in 1.22s[0m
[0m2021.12.02 10:47:43 WARN  Build server is not auto-connectable.[0m
[0m2021.12.02 10:47:43 WARN  no build target for: /Users/kamilpostrozny/Documents/Projects/personal/advent/src/main/scala/Main.scala[0m
[0m2021.12.02 10:47:45 INFO  running '/usr/local/Cellar/openjdk@11/11.0.12/libexec/openjdk.jdk/Contents/Home/bin/java -Djline.terminal=jline.UnsupportedTerminal -Dsbt.log.noformat=true -Dfile.encoding=UTF-8 -jar /var/folders/xm/5smbjpjx6dz4kxh4pnmn22mh0000gn/T/metals10104559895816861145/sbt-launch.jar -Dbloop.export-jar-classifiers=sources bloopInstall'[0m
[0m2021.12.02 10:47:45 WARN  no build target for: /Users/kamilpostrozny/Documents/Projects/personal/advent/project/metals.sbt[0m
[0m2021.12.02 10:47:45 WARN  no build target for: /Users/kamilpostrozny/Documents/Projects/personal/advent/project/project/metals.sbt[0m
[0m2021.12.02 10:47:45 INFO  skipping build import with status 'Started'[0m
[0m2021.12.02 10:47:46 INFO  no build target: using presentation compiler with only scala-library: 3.1.0[0m
[0m2021.12.02 10:47:47 INFO  [info] welcome to sbt 1.5.5 (Homebrew Java 11.0.12)[0m
[0m2021.12.02 10:47:49 INFO  [info] loading global plugins from /Users/kamilpostrozny/.sbt/1.0/plugins[0m
gru 02, 2021 10:47:49 AM org.eclipse.lsp4j.jsonrpc.RemoteEndpoint handleCancellation
WARNING: Unmatched cancel notification for request id 6
[0m2021.12.02 10:47:49 WARN  no build target for: /Users/kamilpostrozny/Documents/Projects/personal/advent/build.sbt[0m
[0m2021.12.02 10:47:50 INFO  time: code lens generation in 5.92s[0m
[0m2021.12.02 10:47:50 INFO  time: code lens generation in 4.34s[0m
[0m2021.12.02 10:47:51 INFO  [info] loading settings for project advent-build-build from metals.sbt ...[0m
[0m2021.12.02 10:47:51 INFO  [info] loading project definition from /Users/kamilpostrozny/Documents/Projects/personal/advent/project/project[0m
[0m2021.12.02 10:47:52 INFO  [info] loading settings for project advent-build from metals.sbt ...[0m
[0m2021.12.02 10:47:52 INFO  [info] loading project definition from /Users/kamilpostrozny/Documents/Projects/personal/advent/project[0m
[0m2021.12.02 10:47:54 INFO  [success] Generated .bloop/advent-build.json[0m
[0m2021.12.02 10:47:54 INFO  [success] Total time: 1 s, completed 2 gru 2021, 10:47:54[0m
gru 02, 2021 10:47:54 AM org.eclipse.lsp4j.jsonrpc.RemoteEndpoint handleCancellation
WARNING: Unmatched cancel notification for request id 11
[0m2021.12.02 10:47:54 WARN  no build target for: /Users/kamilpostrozny/Documents/Projects/personal/advent/src/test/scala/Test1.scala[0m
[0m2021.12.02 10:47:55 INFO  [info] loading settings for project root from build.sbt ...[0m
[0m2021.12.02 10:47:55 INFO  [info] set current project to advent (in build file:/Users/kamilpostrozny/Documents/Projects/personal/advent/)[0m
[0m2021.12.02 10:47:57 INFO  [success] Generated .bloop/root.json[0m
[0m2021.12.02 10:47:57 INFO  [success] Generated .bloop/root-test.json[0m
[0m2021.12.02 10:47:57 INFO  [success] Total time: 1 s, completed 2 gru 2021, 10:47:57[0m
[0m2021.12.02 10:47:57 INFO  time: ran 'sbt bloopInstall' in 11s[0m
[0m2021.12.02 10:47:57 INFO  Attempting to connect to the build server...[0m
Starting the bsp launcher for bloop...
Opening a bsp server connection with 'bsp --protocol local --socket /var/folders/xm/5smbjpjx6dz4kxh4pnmn22mh0000gn/T/bsp-launcher1390718513701560706/bsp.socket'...
Waiting for the bsp connection to come up...
[0m[32m[D][0m Loading 2 projects from '/Users/kamilpostrozny/Documents/Projects/personal/advent/.bloop'...
[0m[32m[D][0m Loading project from '/Users/kamilpostrozny/Documents/Projects/personal/advent/.bloop/root.json'
[0m[32m[D][0m Loading project from '/Users/kamilpostrozny/Documents/Projects/personal/advent/.bloop/root-test.json'
[0m[32m[D][0m Missing analysis file for project 'root-test'
[0m[32m[D][0m Missing analysis file for project 'root'
[0m[32m[D][0m Waiting for a connection at local:///var/folders/xm/5smbjpjx6dz4kxh4pnmn22mh0000gn/T/bsp-launcher1390718513701560706/bsp.socket...
The server is listening for incoming connections at local:///var/folders/xm/5smbjpjx6dz4kxh4pnmn22mh0000gn/T/bsp-launcher1390718513701560706/bsp.socket...
Starting thread that pumps stdin and redirects it to the bsp server...
Starting thread that pumps server stdout and redirects it to the client stdout...
[0m2021.12.02 10:47:57 INFO  tracing is disabled for protocol BSP, to enable tracing of incoming and outgoing JSON messages create an empty file at /Users/kamilpostrozny/Library/Caches/org.scalameta.metals/bsp.trace.json[0m
[0m2021.12.02 10:47:57 INFO  Attempting to connect to the build server...[0m
Starting the bsp launcher for bloop...
Opening a bsp server connection with 'bsp --protocol local --socket /var/folders/xm/5smbjpjx6dz4kxh4pnmn22mh0000gn/T/bsp-launcher13559830697768488246/bsp.socket'...
Waiting for the bsp connection to come up...
[0m[32m[D][0m Loading workspace settings from bloop.settings.json
[0m[32m[D][0m Waiting for a connection at local:///var/folders/xm/5smbjpjx6dz4kxh4pnmn22mh0000gn/T/bsp-launcher13559830697768488246/bsp.socket...
The server is listening for incoming connections at local:///var/folders/xm/5smbjpjx6dz4kxh4pnmn22mh0000gn/T/bsp-launcher13559830697768488246/bsp.socket...
Starting thread that pumps stdin and redirects it to the bsp server...
Starting thread that pumps server stdout and redirects it to the client stdout...
[0m2021.12.02 10:47:57 INFO  tracing is disabled for protocol BSP, to enable tracing of incoming and outgoing JSON messages create an empty file at /Users/kamilpostrozny/Library/Caches/org.scalameta.metals/bsp.trace.json[0m
[0m2021.12.02 10:47:57 INFO  time: Connected to build server in 0.27s[0m
[0m2021.12.02 10:47:57 INFO  Connected to Build server: Bloop v1.4.11[0m
[0m2021.12.02 10:48:00 INFO  time: indexed workspace in 2.89s[0m
[0m2021.12.02 10:48:00 INFO  compiling root (1 scala source)[0m
[0m2021.12.02 10:48:01 INFO  no build target: using presentation compiler with only scala-library: 3.1.0[0m
[0m2021.12.02 10:48:04 INFO  compiling root-test (1 scala source)[0m
[0m2021.12.02 10:48:04 INFO  time: compiled root in 3.54s[0m
[0m2021.12.02 10:48:04 INFO  time: compiled root-test in 0.46s[0m
gru 02, 2021 10:48:06 AM org.eclipse.lsp4j.jsonrpc.RemoteEndpoint handleCancellation
WARNING: Unmatched cancel notification for request id 19
[0m2021.12.02 10:49:01 INFO  compiling root (3 scala sources)[0m
[0m2021.12.02 10:49:02 INFO  time: compiled root in 1.08s[0m
gru 02, 2021 10:49:03 AM org.eclipse.lsp4j.jsonrpc.RemoteEndpoint handleCancellation
WARNING: Unmatched cancel notification for request id 28
[0m2021.12.02 10:49:06 INFO  compiling root (3 scala sources)[0m
[0m2021.12.02 10:49:06 INFO  time: compiled root in 0.7s[0m
[0m2021.12.02 10:49:19 ERROR code navigation does not work for the file '/Users/kamilpostrozny/Documents/Projects/personal/advent/src/main/scala/day1.scala' because the SemanticDB file '/Users/kamilpostrozny/Documents/Projects/personal/advent/.bloop/root/bloop-bsp-clients-classes/classes-Metals-UuOOb5OmQsKj8RLk1_aobg==/META-INF/semanticdb/src/main/scala/day1.scala.semanticdb' doesn't exist. There can be many reasons for this error. [0m
[0m2021.12.02 10:49:21 INFO  compiling root (3 scala sources)[0m
[0m2021.12.02 10:49:21 INFO  time: compiled root in 0.48s[0m
[0m2021.12.02 10:49:34 INFO  compiling root (3 scala sources)[0m
[0m2021.12.02 10:49:34 INFO  time: compiled root in 0.4s[0m
[0m2021.12.02 10:49:47 INFO  compiling root (3 scala sources)[0m
[0m2021.12.02 10:49:47 INFO  time: compiled root in 0.38s[0m
gru 02, 2021 10:49:57 AM org.eclipse.lsp4j.jsonrpc.RemoteEndpoint fallbackResponseError
SEVERE: Internal error: java.lang.ArrayIndexOutOfBoundsException: Index 46 out of bounds for length 46
java.util.concurrent.CompletionException: java.lang.ArrayIndexOutOfBoundsException: Index 46 out of bounds for length 46
	at java.base/java.util.concurrent.CompletableFuture.encodeThrowable(CompletableFuture.java:331)
	at java.base/java.util.concurrent.CompletableFuture.completeThrowable(CompletableFuture.java:346)
	at java.base/java.util.concurrent.CompletableFuture$UniAccept.tryFire(CompletableFuture.java:704)
	at java.base/java.util.concurrent.CompletableFuture.postComplete(CompletableFuture.java:506)
	at java.base/java.util.concurrent.CompletableFuture.completeExceptionally(CompletableFuture.java:2088)
	at scala.meta.internal.metals.CancelTokens$.$anonfun$future$1(CancelTokens.scala:40)
	at scala.meta.internal.metals.CancelTokens$.$anonfun$future$1$adapted(CancelTokens.scala:38)
	at scala.concurrent.impl.CallbackRunnable.run(Promise.scala:64)
	at java.base/java.util.concurrent.ThreadPoolExecutor.runWorker(ThreadPoolExecutor.java:1128)
	at java.base/java.util.concurrent.ThreadPoolExecutor$Worker.run(ThreadPoolExecutor.java:628)
	at java.base/java.lang.Thread.run(Thread.java:829)
Caused by: java.lang.ArrayIndexOutOfBoundsException: Index 46 out of bounds for length 46
	at scala.meta.tokens.Tokens.apply(Tokens.scala:34)
	at scala.meta.internal.parsers.ScalametaParser.$anonfun$trimmedPos$1(ScalametaParser.scala:898)
	at scala.collection.immutable.Range.dropWhile(Range.scala:248)
	at scala.meta.internal.parsers.ScalametaParser.skipTrivia$1(ScalametaParser.scala:898)
	at scala.meta.internal.parsers.ScalametaParser.trimmedPos(ScalametaParser.scala:905)
	at scala.meta.internal.parsers.ScalametaParser.atPos(ScalametaParser.scala:891)
	at scala.meta.internal.parsers.ScalametaParser.autoPos(ScalametaParser.scala:922)
	at scala.meta.internal.parsers.ScalametaParser.templateOpt(ScalametaParser.scala:4936)
	at scala.meta.internal.parsers.ScalametaParser.$anonfun$objectDef$1(ScalametaParser.scala:4695)
	at scala.meta.internal.parsers.ScalametaParser.atPos(ScalametaParser.scala:888)
	at scala.meta.internal.parsers.ScalametaParser.objectDef(ScalametaParser.scala:4687)
	at scala.meta.internal.parsers.ScalametaParser.tmplDef(ScalametaParser.scala:4562)
	at scala.meta.internal.parsers.ScalametaParser.topLevelTmplDef(ScalametaParser.scala:4544)
	at scala.meta.internal.parsers.ScalametaParser$$anonfun$topStat$1.applyOrElse(ScalametaParser.scala:5092)
	at scala.meta.internal.parsers.ScalametaParser$$anonfun$topStat$1.applyOrElse(ScalametaParser.scala:5080)
	at scala.runtime.AbstractPartialFunction.apply(AbstractPartialFunction.scala:38)
	at scala.meta.internal.parsers.ScalametaParser.statSeq(ScalametaParser.scala:5070)
	at scala.meta.internal.parsers.ScalametaParser.topStatSeq(ScalametaParser.scala:5079)
	at scala.meta.internal.parsers.ScalametaParser.$anonfun$batchSource$1(ScalametaParser.scala:5310)
	at scala.meta.internal.parsers.ScalametaParser.atPos(ScalametaParser.scala:888)
	at scala.meta.internal.parsers.ScalametaParser.autoPos(ScalametaParser.scala:922)
	at scala.meta.internal.parsers.ScalametaParser.batchSource(ScalametaParser.scala:5269)
	at scala.meta.internal.parsers.ScalametaParser.$anonfun$source$1(ScalametaParser.scala:5252)
	at scala.meta.internal.parsers.ScalametaParser.atPos(ScalametaParser.scala:888)
	at scala.meta.internal.parsers.ScalametaParser.autoPos(ScalametaParser.scala:922)
	at scala.meta.internal.parsers.ScalametaParser.source(ScalametaParser.scala:5251)
	at scala.meta.internal.parsers.ScalametaParser.entrypointSource(ScalametaParser.scala:5257)
	at scala.meta.internal.parsers.ScalametaParser.$anonfun$parseSource$2(ScalametaParser.scala:143)
	at scala.meta.internal.parsers.ScalametaParser.parseRule(ScalametaParser.scala:53)
	at scala.meta.internal.parsers.ScalametaParser.parseSource(ScalametaParser.scala:143)
	at scala.meta.parsers.Parse$.$anonfun$parseSource$1(Parse.scala:29)
	at scala.meta.internal.parsers.ScalametaParser$$anon$264.apply(ScalametaParser.scala:5321)
	at scala.meta.parsers.Api$XtensionParseDialectInput.parse(Api.scala:25)
	at scala.meta.internal.parsing.Trees.$anonfun$parse$2(Trees.scala:121)
	at scala.Option.map(Option.scala:230)
	at scala.meta.internal.parsing.Trees.parse(Trees.scala:118)
	at scala.meta.internal.parsing.Trees.didChange(Trees.scala:90)
	at scala.meta.internal.metals.MetalsLanguageServer.$anonfun$parseTreesAndPublishDiags$2(MetalsLanguageServer.scala:282)
	at scala.runtime.java8.JFunction0$mcV$sp.apply(JFunction0$mcV$sp.java:23)
	at scala.concurrent.Future$.$anonfun$apply$1(Future.scala:659)
	at scala.util.Success.$anonfun$map$1(Try.scala:255)
	at scala.util.Success.map(Try.scala:213)
	at scala.concurrent.Future.$anonfun$map$1(Future.scala:292)
	at scala.concurrent.impl.Promise.liftedTree1$1(Promise.scala:33)
	at scala.concurrent.impl.Promise.$anonfun$transform$1(Promise.scala:33)
	... 4 more

gru 02, 2021 10:49:59 AM org.eclipse.lsp4j.jsonrpc.RemoteEndpoint fallbackResponseError
SEVERE: Internal error: java.lang.IllegalArgumentException: -1 is not a valid offset, allowed [0..15]
java.util.concurrent.CompletionException: java.lang.IllegalArgumentException: -1 is not a valid offset, allowed [0..15]
	at java.base/java.util.concurrent.CompletableFuture.encodeThrowable(CompletableFuture.java:331)
	at java.base/java.util.concurrent.CompletableFuture.completeThrowable(CompletableFuture.java:346)
	at java.base/java.util.concurrent.CompletableFuture$UniAccept.tryFire(CompletableFuture.java:704)
	at java.base/java.util.concurrent.CompletableFuture.postComplete(CompletableFuture.java:506)
	at java.base/java.util.concurrent.CompletableFuture.completeExceptionally(CompletableFuture.java:2088)
	at scala.meta.internal.metals.CancelTokens$.$anonfun$future$1(CancelTokens.scala:40)
	at scala.meta.internal.metals.CancelTokens$.$anonfun$future$1$adapted(CancelTokens.scala:38)
	at scala.concurrent.impl.CallbackRunnable.run(Promise.scala:64)
	at java.base/java.util.concurrent.ThreadPoolExecutor.runWorker(ThreadPoolExecutor.java:1128)
	at java.base/java.util.concurrent.ThreadPoolExecutor$Worker.run(ThreadPoolExecutor.java:628)
	at java.base/java.lang.Thread.run(Thread.java:829)
Caused by: java.lang.IllegalArgumentException: -1 is not a valid offset, allowed [0..15]
	at scala.meta.internal.inputs.InternalInput.offsetToLine(InternalInput.scala:48)
	at scala.meta.internal.inputs.InternalInput.offsetToLine$(InternalInput.scala:42)
	at scala.meta.inputs.Input$VirtualFile.offsetToLine(Input.scala:80)
	at scala.meta.inputs.Position$Range.startLine(Position.scala:37)
	at scala.meta.internal.mtags.CommonMtagsEnrichments$XtensionMetaPosition.toLSP(CommonMtagsEnrichments.scala:91)
	at scala.meta.internal.parsing.TokenEditDistance.toRevised(TokenEditDistance.scala:136)
	at scala.meta.internal.metals.codelenses.RunTestCodeLens.$anonfun$codeLenses$16(RunTestCodeLens.scala:102)
	at scala.Option.flatMap(Option.scala:271)
	at scala.meta.internal.metals.codelenses.RunTestCodeLens.$anonfun$codeLenses$15(RunTestCodeLens.scala:102)
	at scala.collection.TraversableLike$WithFilter.$anonfun$flatMap$2(TraversableLike.scala:966)
	at scala.collection.Iterator.foreach(Iterator.scala:943)
	at scala.collection.Iterator.foreach$(Iterator.scala:943)
	at scala.collection.AbstractIterator.foreach(Iterator.scala:1431)
	at scala.collection.IterableLike.foreach(IterableLike.scala:74)
	at scala.collection.IterableLike.foreach$(IterableLike.scala:73)
	at scala.collection.AbstractIterable.foreach(Iterable.scala:56)
	at scala.collection.TraversableLike$WithFilter.flatMap(TraversableLike.scala:965)
	at scala.meta.internal.metals.codelenses.RunTestCodeLens.codeLenses(RunTestCodeLens.scala:78)
	at scala.meta.internal.metals.codelenses.RunTestCodeLens.$anonfun$codeLenses$3(RunTestCodeLens.scala:64)
	at scala.Option$WithFilter.map(Option.scala:230)
	at scala.meta.internal.metals.codelenses.RunTestCodeLens.$anonfun$codeLenses$1(RunTestCodeLens.scala:60)
	at scala.Option.flatMap(Option.scala:271)
	at scala.meta.internal.metals.codelenses.RunTestCodeLens.codeLenses(RunTestCodeLens.scala:59)
	at scala.meta.internal.metals.CodeLensProvider.$anonfun$findLenses$3(CodeLensProvider.scala:26)
	at scala.collection.immutable.List.flatMap(List.scala:366)
	at scala.meta.internal.metals.CodeLensProvider.$anonfun$findLenses$2(CodeLensProvider.scala:26)
	at scala.Option.map(Option.scala:230)
	at scala.meta.internal.metals.CodeLensProvider.findLenses(CodeLensProvider.scala:24)
	at scala.meta.internal.metals.MetalsLanguageServer.$anonfun$codeLens$2(MetalsLanguageServer.scala:1568)
	at scala.meta.internal.metals.TimerProvider.timedThunk(TimerProvider.scala:25)
	at scala.meta.internal.metals.MetalsLanguageServer.$anonfun$codeLens$1(MetalsLanguageServer.scala:1566)
	at scala.meta.internal.metals.CancelTokens$.$anonfun$apply$2(CancelTokens.scala:26)
	at scala.concurrent.Future$.$anonfun$apply$1(Future.scala:659)
	at scala.util.Success.$anonfun$map$1(Try.scala:255)
	at scala.util.Success.map(Try.scala:213)
	at scala.concurrent.Future.$anonfun$map$1(Future.scala:292)
	at scala.concurrent.impl.Promise.liftedTree1$1(Promise.scala:33)
	at scala.concurrent.impl.Promise.$anonfun$transform$1(Promise.scala:33)
	... 4 more

[0m2021.12.02 10:50:22 INFO  compiling root (3 scala sources)[0m
[0m2021.12.02 10:50:22 INFO  time: compiled root in 0.44s[0m
[0m2021.12.02 10:50:32 INFO  compiling root (3 scala sources)[0m
[0m2021.12.02 10:50:32 INFO  time: compiled root in 0.32s[0m
gru 02, 2021 10:50:42 AM org.eclipse.lsp4j.jsonrpc.RemoteEndpoint fallbackResponseError
SEVERE: Internal error: java.lang.ArrayIndexOutOfBoundsException
java.util.concurrent.CompletionException: java.lang.ArrayIndexOutOfBoundsException
	at java.base/java.util.concurrent.CompletableFuture.encodeThrowable(CompletableFuture.java:331)
	at java.base/java.util.concurrent.CompletableFuture.completeThrowable(CompletableFuture.java:346)
	at java.base/java.util.concurrent.CompletableFuture$UniAccept.tryFire(CompletableFuture.java:704)
	at java.base/java.util.concurrent.CompletableFuture.postComplete(CompletableFuture.java:506)
	at java.base/java.util.concurrent.CompletableFuture.completeExceptionally(CompletableFuture.java:2088)
	at scala.meta.internal.metals.CancelTokens$.$anonfun$future$1(CancelTokens.scala:40)
	at scala.meta.internal.metals.CancelTokens$.$anonfun$future$1$adapted(CancelTokens.scala:38)
	at scala.concurrent.impl.CallbackRunnable.run(Promise.scala:64)
	at java.base/java.util.concurrent.ThreadPoolExecutor.runWorker(ThreadPoolExecutor.java:1128)
	at java.base/java.util.concurrent.ThreadPoolExecutor$Worker.run(ThreadPoolExecutor.java:628)
	at java.base/java.lang.Thread.run(Thread.java:829)
Caused by: java.lang.ArrayIndexOutOfBoundsException

gru 02, 2021 10:50:46 AM org.eclipse.lsp4j.jsonrpc.RemoteEndpoint fallbackResponseError
SEVERE: Internal error: java.lang.ArrayIndexOutOfBoundsException
java.util.concurrent.CompletionException: java.lang.ArrayIndexOutOfBoundsException
	at java.base/java.util.concurrent.CompletableFuture.encodeThrowable(CompletableFuture.java:331)
	at java.base/java.util.concurrent.CompletableFuture.completeThrowable(CompletableFuture.java:346)
	at java.base/java.util.concurrent.CompletableFuture$UniAccept.tryFire(CompletableFuture.java:704)
	at java.base/java.util.concurrent.CompletableFuture.postComplete(CompletableFuture.java:506)
	at java.base/java.util.concurrent.CompletableFuture.completeExceptionally(CompletableFuture.java:2088)
	at scala.meta.internal.metals.CancelTokens$.$anonfun$future$1(CancelTokens.scala:40)
	at scala.meta.internal.metals.CancelTokens$.$anonfun$future$1$adapted(CancelTokens.scala:38)
	at scala.concurrent.impl.CallbackRunnable.run(Promise.scala:64)
	at java.base/java.util.concurrent.ThreadPoolExecutor.runWorker(ThreadPoolExecutor.java:1128)
	at java.base/java.util.concurrent.ThreadPoolExecutor$Worker.run(ThreadPoolExecutor.java:628)
	at java.base/java.lang.Thread.run(Thread.java:829)
Caused by: java.lang.ArrayIndexOutOfBoundsException

gru 02, 2021 10:50:47 AM org.eclipse.lsp4j.jsonrpc.RemoteEndpoint fallbackResponseError
SEVERE: Internal error: java.lang.reflect.InvocationTargetException
java.lang.RuntimeException: java.lang.reflect.InvocationTargetException
	at org.eclipse.lsp4j.jsonrpc.services.GenericEndpoint.lambda$null$0(GenericEndpoint.java:67)
	at org.eclipse.lsp4j.jsonrpc.services.GenericEndpoint.request(GenericEndpoint.java:120)
	at org.eclipse.lsp4j.jsonrpc.RemoteEndpoint.handleRequest(RemoteEndpoint.java:261)
	at org.eclipse.lsp4j.jsonrpc.RemoteEndpoint.consume(RemoteEndpoint.java:190)
	at org.eclipse.lsp4j.jsonrpc.json.StreamMessageProducer.handleMessage(StreamMessageProducer.java:194)
	at org.eclipse.lsp4j.jsonrpc.json.StreamMessageProducer.listen(StreamMessageProducer.java:94)
	at org.eclipse.lsp4j.jsonrpc.json.ConcurrentMessageProcessor.run(ConcurrentMessageProcessor.java:113)
	at java.base/java.util.concurrent.Executors$RunnableAdapter.call(Executors.java:515)
	at java.base/java.util.concurrent.FutureTask.run(FutureTask.java:264)
	at java.base/java.util.concurrent.ThreadPoolExecutor.runWorker(ThreadPoolExecutor.java:1128)
	at java.base/java.util.concurrent.ThreadPoolExecutor$Worker.run(ThreadPoolExecutor.java:628)
	at java.base/java.lang.Thread.run(Thread.java:829)
Caused by: java.lang.reflect.InvocationTargetException
	at jdk.internal.reflect.GeneratedMethodAccessor8.invoke(Unknown Source)
	at java.base/jdk.internal.reflect.DelegatingMethodAccessorImpl.invoke(DelegatingMethodAccessorImpl.java:43)
	at java.base/java.lang.reflect.Method.invoke(Method.java:566)
	at org.eclipse.lsp4j.jsonrpc.services.GenericEndpoint.lambda$null$0(GenericEndpoint.java:65)
	... 11 more
Caused by: java.lang.IllegalArgumentException: 9 is not a valid line number, allowed [0..8]
	at scala.meta.internal.inputs.InternalInput.lineToOffset(InternalInput.scala:37)
	at scala.meta.internal.inputs.InternalInput.lineToOffset$(InternalInput.scala:32)
	at scala.meta.inputs.Input$VirtualFile.lineToOffset(Input.scala:80)
	at scala.meta.inputs.Position$Range$.lineLength$1(Position.scala:57)
	at scala.meta.inputs.Position$Range$.apply(Position.scala:60)
	at scala.meta.internal.mtags.MtagsEnrichments$XtensionPositionLspInverse.toMeta(MtagsEnrichments.scala:133)
	at scala.meta.internal.parsing.Trees.$anonfun$findLastEnclosingAt$4(Trees.scala:77)
	at scala.Option.flatMap(Option.scala:271)
	at scala.meta.internal.parsing.Trees.findLastEnclosingAt(Trees.scala:76)
	at scala.meta.internal.metals.codeactions.PatternMatchRefactor.contribute(PatternMatchRefactor.scala:96)
	at scala.meta.internal.metals.CodeActionProvider$$anonfun$1.applyOrElse(CodeActionProvider.scala:62)
	at scala.meta.internal.metals.CodeActionProvider$$anonfun$1.applyOrElse(CodeActionProvider.scala:61)
	at scala.collection.immutable.List.collect(List.scala:323)
	at scala.meta.internal.metals.CodeActionProvider.codeActions(CodeActionProvider.scala:61)
	at scala.meta.internal.metals.MetalsLanguageServer.$anonfun$codeAction$1(MetalsLanguageServer.scala:1555)
	at scala.meta.internal.metals.CancelTokens$.future(CancelTokens.scala:38)
	at scala.meta.internal.metals.MetalsLanguageServer.codeAction(MetalsLanguageServer.scala:1554)
	... 15 more

gru 02, 2021 10:50:50 AM org.eclipse.lsp4j.jsonrpc.RemoteEndpoint fallbackResponseError
SEVERE: Internal error: java.lang.reflect.InvocationTargetException
java.lang.RuntimeException: java.lang.reflect.InvocationTargetException
	at org.eclipse.lsp4j.jsonrpc.services.GenericEndpoint.lambda$null$0(GenericEndpoint.java:67)
	at org.eclipse.lsp4j.jsonrpc.services.GenericEndpoint.request(GenericEndpoint.java:120)
	at org.eclipse.lsp4j.jsonrpc.RemoteEndpoint.handleRequest(RemoteEndpoint.java:261)
	at org.eclipse.lsp4j.jsonrpc.RemoteEndpoint.consume(RemoteEndpoint.java:190)
	at org.eclipse.lsp4j.jsonrpc.json.StreamMessageProducer.handleMessage(StreamMessageProducer.java:194)
	at org.eclipse.lsp4j.jsonrpc.json.StreamMessageProducer.listen(StreamMessageProducer.java:94)
	at org.eclipse.lsp4j.jsonrpc.json.ConcurrentMessageProcessor.run(ConcurrentMessageProcessor.java:113)
	at java.base/java.util.concurrent.Executors$RunnableAdapter.call(Executors.java:515)
	at java.base/java.util.concurrent.FutureTask.run(FutureTask.java:264)
	at java.base/java.util.concurrent.ThreadPoolExecutor.runWorker(ThreadPoolExecutor.java:1128)
	at java.base/java.util.concurrent.ThreadPoolExecutor$Worker.run(ThreadPoolExecutor.java:628)
	at java.base/java.lang.Thread.run(Thread.java:829)
Caused by: java.lang.reflect.InvocationTargetException
	at jdk.internal.reflect.GeneratedMethodAccessor8.invoke(Unknown Source)
	at java.base/jdk.internal.reflect.DelegatingMethodAccessorImpl.invoke(DelegatingMethodAccessorImpl.java:43)
	at java.base/java.lang.reflect.Method.invoke(Method.java:566)
	at org.eclipse.lsp4j.jsonrpc.services.GenericEndpoint.lambda$null$0(GenericEndpoint.java:65)
	... 11 more
Caused by: java.lang.IllegalArgumentException: 9 is not a valid line number, allowed [0..8]
	at scala.meta.internal.inputs.InternalInput.lineToOffset(InternalInput.scala:37)
	at scala.meta.internal.inputs.InternalInput.lineToOffset$(InternalInput.scala:32)
	at scala.meta.inputs.Input$VirtualFile.lineToOffset(Input.scala:80)
	at scala.meta.inputs.Position$Range$.lineLength$1(Position.scala:57)
	at scala.meta.inputs.Position$Range$.apply(Position.scala:60)
	at scala.meta.internal.mtags.MtagsEnrichments$XtensionPositionLspInverse.toMeta(MtagsEnrichments.scala:133)
	at scala.meta.internal.parsing.Trees.$anonfun$findLastEnclosingAt$4(Trees.scala:77)
	at scala.Option.flatMap(Option.scala:271)
	at scala.meta.internal.parsing.Trees.findLastEnclosingAt(Trees.scala:76)
	at scala.meta.internal.metals.codeactions.PatternMatchRefactor.contribute(PatternMatchRefactor.scala:96)
	at scala.meta.internal.metals.CodeActionProvider$$anonfun$1.applyOrElse(CodeActionProvider.scala:62)
	at scala.meta.internal.metals.CodeActionProvider$$anonfun$1.applyOrElse(CodeActionProvider.scala:61)
	at scala.collection.immutable.List.collect(List.scala:323)
	at scala.meta.internal.metals.CodeActionProvider.codeActions(CodeActionProvider.scala:61)
	at scala.meta.internal.metals.MetalsLanguageServer.$anonfun$codeAction$1(MetalsLanguageServer.scala:1555)
	at scala.meta.internal.metals.CancelTokens$.future(CancelTokens.scala:38)
	at scala.meta.internal.metals.MetalsLanguageServer.codeAction(MetalsLanguageServer.scala:1554)
	... 15 more

[0m2021.12.02 10:50:55 INFO  compiling root (3 scala sources)[0m
[0m2021.12.02 10:50:55 INFO  time: compiled root in 0.32s[0m
[0m2021.12.02 10:50:57 INFO  compiling root (3 scala sources)[0m
[0m2021.12.02 10:50:57 INFO  time: compiled root in 0.33s[0m
[0m2021.12.02 10:51:02 INFO  compiling root (3 scala sources)[0m
[0m2021.12.02 10:51:02 INFO  time: compiled root in 0.3s[0m
[0m2021.12.02 10:51:07 INFO  compiling root (3 scala sources)[0m
[0m2021.12.02 10:51:07 INFO  Deduplicating compilation of root from bsp client 'Metals 0.10.9' (since 3m 9.683s)[0m
[0m2021.12.02 10:51:07 INFO  compiling root (3 scala sources)[0m
[0m2021.12.02 10:51:07 INFO  time: compiled root in 0.25s[0m
[0m2021.12.02 10:51:07 INFO  compiling root (3 scala sources)[0m
[0m2021.12.02 10:51:07 INFO  time: compiled root in 0.28s[0m
gru 02, 2021 10:51:07 AM org.eclipse.lsp4j.jsonrpc.RemoteEndpoint fallbackResponseError
SEVERE: Internal error: scala.meta.internal.metals.MetalsBspException: BSP connection failed in the attempt to get: DebugSessionAddress.  Compilation not successful
java.util.concurrent.CompletionException: scala.meta.internal.metals.MetalsBspException: BSP connection failed in the attempt to get: DebugSessionAddress.  Compilation not successful
	at java.base/java.util.concurrent.CompletableFuture.encodeThrowable(CompletableFuture.java:331)
	at java.base/java.util.concurrent.CompletableFuture.completeThrowable(CompletableFuture.java:346)
	at java.base/java.util.concurrent.CompletableFuture$UniAccept.tryFire(CompletableFuture.java:704)
	at java.base/java.util.concurrent.CompletableFuture.postComplete(CompletableFuture.java:506)
	at java.base/java.util.concurrent.CompletableFuture.completeExceptionally(CompletableFuture.java:2088)
	at scala.concurrent.java8.FuturesConvertersImpl$CF.apply(FutureConvertersImpl.scala:29)
	at scala.concurrent.java8.FuturesConvertersImpl$CF.apply(FutureConvertersImpl.scala:26)
	at scala.concurrent.impl.CallbackRunnable.run(Promise.scala:64)
	at scala.concurrent.BatchingExecutor$Batch.processBatch$1(BatchingExecutor.scala:67)
	at scala.concurrent.BatchingExecutor$Batch.$anonfun$run$1(BatchingExecutor.scala:82)
	at scala.runtime.java8.JFunction0$mcV$sp.apply(JFunction0$mcV$sp.java:23)
	at scala.concurrent.BlockContext$.withBlockContext(BlockContext.scala:85)
	at scala.concurrent.BatchingExecutor$Batch.run(BatchingExecutor.scala:59)
	at scala.concurrent.Future$InternalCallbackExecutor$.unbatchedExecute(Future.scala:875)
	at scala.concurrent.BatchingExecutor.execute(BatchingExecutor.scala:110)
	at scala.concurrent.BatchingExecutor.execute$(BatchingExecutor.scala:107)
	at scala.concurrent.Future$InternalCallbackExecutor$.execute(Future.scala:873)
	at scala.concurrent.impl.CallbackRunnable.executeWithValue(Promise.scala:72)
	at scala.concurrent.impl.Promise$DefaultPromise.$anonfun$tryComplete$1(Promise.scala:288)
	at scala.concurrent.impl.Promise$DefaultPromise.$anonfun$tryComplete$1$adapted(Promise.scala:288)
	at scala.concurrent.impl.Promise$DefaultPromise.tryComplete(Promise.scala:288)
	at scala.concurrent.Promise.complete(Promise.scala:53)
	at scala.concurrent.Promise.complete$(Promise.scala:52)
	at scala.concurrent.impl.Promise$DefaultPromise.complete(Promise.scala:187)
	at scala.concurrent.impl.Promise.$anonfun$transform$1(Promise.scala:33)
	at scala.concurrent.impl.CallbackRunnable.run(Promise.scala:64)
	at java.base/java.util.concurrent.ThreadPoolExecutor.runWorker(ThreadPoolExecutor.java:1128)
	at java.base/java.util.concurrent.ThreadPoolExecutor$Worker.run(ThreadPoolExecutor.java:628)
	at java.base/java.lang.Thread.run(Thread.java:829)
Caused by: scala.meta.internal.metals.MetalsBspException: BSP connection failed in the attempt to get: DebugSessionAddress.  Compilation not successful
	at scala.meta.internal.metals.BuildServerConnection$$anonfun$1.applyOrElse(BuildServerConnection.scala:252)
	at scala.meta.internal.metals.BuildServerConnection$$anonfun$1.applyOrElse(BuildServerConnection.scala:244)
	at scala.concurrent.Future.$anonfun$recoverWith$1(Future.scala:417)
	at scala.concurrent.impl.Promise.$anonfun$transformWith$1(Promise.scala:41)
	... 4 more

[0m2021.12.02 10:51:13 INFO  Deduplicating compilation of root from bsp client 'Metals 0.10.9' (since 3m 15.588s)[0m
[0m2021.12.02 10:51:13 INFO  compiling root (3 scala sources)[0m
[0m2021.12.02 10:51:13 INFO  compiling root (3 scala sources)[0m
[0m2021.12.02 10:51:13 INFO  time: compiled root in 0.28s[0m
[0m2021.12.02 10:51:13 INFO  compiling root (3 scala sources)[0m
[0m2021.12.02 10:51:13 INFO  time: compiled root in 0.27s[0m
gru 02, 2021 10:51:13 AM org.eclipse.lsp4j.jsonrpc.RemoteEndpoint fallbackResponseError
SEVERE: Internal error: scala.meta.internal.metals.MetalsBspException: BSP connection failed in the attempt to get: DebugSessionAddress.  Compilation not successful
java.util.concurrent.CompletionException: scala.meta.internal.metals.MetalsBspException: BSP connection failed in the attempt to get: DebugSessionAddress.  Compilation not successful
	at java.base/java.util.concurrent.CompletableFuture.encodeThrowable(CompletableFuture.java:331)
	at java.base/java.util.concurrent.CompletableFuture.completeThrowable(CompletableFuture.java:346)
	at java.base/java.util.concurrent.CompletableFuture$UniAccept.tryFire(CompletableFuture.java:704)
	at java.base/java.util.concurrent.CompletableFuture.postComplete(CompletableFuture.java:506)
	at java.base/java.util.concurrent.CompletableFuture.completeExceptionally(CompletableFuture.java:2088)
	at scala.concurrent.java8.FuturesConvertersImpl$CF.apply(FutureConvertersImpl.scala:29)
	at scala.concurrent.java8.FuturesConvertersImpl$CF.apply(FutureConvertersImpl.scala:26)
	at scala.concurrent.impl.CallbackRunnable.run(Promise.scala:64)
	at scala.concurrent.BatchingExecutor$Batch.processBatch$1(BatchingExecutor.scala:67)
	at scala.concurrent.BatchingExecutor$Batch.$anonfun$run$1(BatchingExecutor.scala:82)
	at scala.runtime.java8.JFunction0$mcV$sp.apply(JFunction0$mcV$sp.java:23)
	at scala.concurrent.BlockContext$.withBlockContext(BlockContext.scala:85)
	at scala.concurrent.BatchingExecutor$Batch.run(BatchingExecutor.scala:59)
	at scala.concurrent.Future$InternalCallbackExecutor$.unbatchedExecute(Future.scala:875)
	at scala.concurrent.BatchingExecutor.execute(BatchingExecutor.scala:110)
	at scala.concurrent.BatchingExecutor.execute$(BatchingExecutor.scala:107)
	at scala.concurrent.Future$InternalCallbackExecutor$.execute(Future.scala:873)
	at scala.concurrent.impl.CallbackRunnable.executeWithValue(Promise.scala:72)
	at scala.concurrent.impl.Promise$DefaultPromise.$anonfun$tryComplete$1(Promise.scala:288)
	at scala.concurrent.impl.Promise$DefaultPromise.$anonfun$tryComplete$1$adapted(Promise.scala:288)
	at scala.concurrent.impl.Promise$DefaultPromise.tryComplete(Promise.scala:288)
	at scala.concurrent.Promise.complete(Promise.scala:53)
	at scala.concurrent.Promise.complete$(Promise.scala:52)
	at scala.concurrent.impl.Promise$DefaultPromise.complete(Promise.scala:187)
	at scala.concurrent.impl.Promise.$anonfun$transform$1(Promise.scala:33)
	at scala.concurrent.impl.CallbackRunnable.run(Promise.scala:64)
	at java.base/java.util.concurrent.ThreadPoolExecutor.runWorker(ThreadPoolExecutor.java:1128)
	at java.base/java.util.concurrent.ThreadPoolExecutor$Worker.run(ThreadPoolExecutor.java:628)
	at java.base/java.lang.Thread.run(Thread.java:829)
Caused by: scala.meta.internal.metals.MetalsBspException: BSP connection failed in the attempt to get: DebugSessionAddress.  Compilation not successful
	at scala.meta.internal.metals.BuildServerConnection$$anonfun$1.applyOrElse(BuildServerConnection.scala:252)
	at scala.meta.internal.metals.BuildServerConnection$$anonfun$1.applyOrElse(BuildServerConnection.scala:244)
	at scala.concurrent.Future.$anonfun$recoverWith$1(Future.scala:417)
	at scala.concurrent.impl.Promise.$anonfun$transformWith$1(Promise.scala:41)
	... 4 more

[0m2021.12.02 10:51:20 INFO  compiling root (3 scala sources)[0m
[0m2021.12.02 10:51:20 INFO  time: compiled root in 0.35s[0m
[0m2021.12.02 10:51:42 INFO  compiling root (3 scala sources)[0m
[0m2021.12.02 10:51:42 INFO  time: compiled root in 0.31s[0m
[0m2021.12.02 10:51:53 INFO  compiling root (3 scala sources)[0m
[0m2021.12.02 10:51:53 INFO  time: compiled root in 0.27s[0m
[0m2021.12.02 10:51:58 INFO  compiling root (3 scala sources)[0m
[0m2021.12.02 10:51:58 INFO  time: compiled root in 0.38s[0m
[0m2021.12.02 10:52:06 INFO  compiling root (3 scala sources)[0m
[0m2021.12.02 10:52:06 INFO  time: compiled root in 0.25s[0m
[0m2021.12.02 10:52:09 INFO  compiling root (3 scala sources)[0m
[0m2021.12.02 10:52:09 INFO  time: compiled root in 0.23s[0m
[0m2021.12.02 10:52:11 INFO  compiling root (3 scala sources)[0m
[0m2021.12.02 10:52:11 INFO  time: compiled root in 0.22s[0m
[0m2021.12.02 10:52:13 INFO  compiling root (3 scala sources)[0m
[0m2021.12.02 10:52:13 INFO  time: compiled root in 0.21s[0m
[0m2021.12.02 10:52:20 INFO  compiling root (3 scala sources)[0m
[0m2021.12.02 10:52:20 INFO  time: compiled root in 0.26s[0m
[0m2021.12.02 10:52:31 INFO  compiling root (3 scala sources)[0m
[0m2021.12.02 10:52:31 INFO  time: compiled root in 0.44s[0m
[0m2021.12.02 10:53:00 INFO  compiling root (3 scala sources)[0m
[0m2021.12.02 10:53:00 INFO  time: compiled root in 0.24s[0m
[0m2021.12.02 10:53:56 INFO  compiling root (3 scala sources)[0m
[0m2021.12.02 10:53:56 INFO  time: compiled root in 0.12s[0m
[0m2021.12.02 10:54:05 INFO  compiling root (3 scala sources)[0m
[0m2021.12.02 10:54:05 INFO  time: compiled root in 0.26s[0m
[0m2021.12.02 10:54:08 INFO  compiling root (3 scala sources)[0m
[0m2021.12.02 10:54:08 INFO  time: compiled root in 0.25s[0m
[0m2021.12.02 10:54:10 INFO  compiling root (3 scala sources)[0m
[0m2021.12.02 10:54:10 INFO  time: compiled root in 0.24s[0m
[0m2021.12.02 10:54:13 INFO  compiling root (3 scala sources)[0m
[0m2021.12.02 10:54:13 INFO  time: compiled root in 0.23s[0m
gru 02, 2021 10:54:45 AM org.eclipse.lsp4j.jsonrpc.RemoteEndpoint handleCancellation
WARNING: Unmatched cancel notification for request id 776
[0m2021.12.02 10:54:54 INFO  compiling root (3 scala sources)[0m
[0m2021.12.02 10:54:54 INFO  time: compiled root in 0.27s[0m
gru 02, 2021 10:54:59 AM org.eclipse.lsp4j.jsonrpc.RemoteEndpoint handleCancellation
WARNING: Unmatched cancel notification for request id 795
gru 02, 2021 10:55:09 AM org.eclipse.lsp4j.jsonrpc.RemoteEndpoint fallbackResponseError
SEVERE: Internal error: java.lang.reflect.InvocationTargetException
java.lang.RuntimeException: java.lang.reflect.InvocationTargetException
	at org.eclipse.lsp4j.jsonrpc.services.GenericEndpoint.lambda$null$0(GenericEndpoint.java:67)
	at org.eclipse.lsp4j.jsonrpc.services.GenericEndpoint.request(GenericEndpoint.java:120)
	at org.eclipse.lsp4j.jsonrpc.RemoteEndpoint.handleRequest(RemoteEndpoint.java:261)
	at org.eclipse.lsp4j.jsonrpc.RemoteEndpoint.consume(RemoteEndpoint.java:190)
	at org.eclipse.lsp4j.jsonrpc.json.StreamMessageProducer.handleMessage(StreamMessageProducer.java:194)
	at org.eclipse.lsp4j.jsonrpc.json.StreamMessageProducer.listen(StreamMessageProducer.java:94)
	at org.eclipse.lsp4j.jsonrpc.json.ConcurrentMessageProcessor.run(ConcurrentMessageProcessor.java:113)
	at java.base/java.util.concurrent.Executors$RunnableAdapter.call(Executors.java:515)
	at java.base/java.util.concurrent.FutureTask.run(FutureTask.java:264)
	at java.base/java.util.concurrent.ThreadPoolExecutor.runWorker(ThreadPoolExecutor.java:1128)
	at java.base/java.util.concurrent.ThreadPoolExecutor$Worker.run(ThreadPoolExecutor.java:628)
	at java.base/java.lang.Thread.run(Thread.java:829)
Caused by: java.lang.reflect.InvocationTargetException
	at jdk.internal.reflect.GeneratedMethodAccessor8.invoke(Unknown Source)
	at java.base/jdk.internal.reflect.DelegatingMethodAccessorImpl.invoke(DelegatingMethodAccessorImpl.java:43)
	at java.base/java.lang.reflect.Method.invoke(Method.java:566)
	at org.eclipse.lsp4j.jsonrpc.services.GenericEndpoint.lambda$null$0(GenericEndpoint.java:65)
	... 11 more
Caused by: java.lang.IllegalArgumentException: 11 is not a valid line number, allowed [0..10]
	at scala.meta.internal.inputs.InternalInput.lineToOffset(InternalInput.scala:37)
	at scala.meta.internal.inputs.InternalInput.lineToOffset$(InternalInput.scala:32)
	at scala.meta.inputs.Input$VirtualFile.lineToOffset(Input.scala:80)
	at scala.meta.inputs.Position$Range$.apply(Position.scala:59)
	at scala.meta.internal.mtags.MtagsEnrichments$XtensionPositionLspInverse.toMeta(MtagsEnrichments.scala:133)
	at scala.meta.internal.parsing.Trees.$anonfun$findLastEnclosingAt$4(Trees.scala:77)
	at scala.Option.flatMap(Option.scala:271)
	at scala.meta.internal.parsing.Trees.findLastEnclosingAt(Trees.scala:76)
	at scala.meta.internal.metals.codeactions.PatternMatchRefactor.contribute(PatternMatchRefactor.scala:96)
	at scala.meta.internal.metals.CodeActionProvider$$anonfun$1.applyOrElse(CodeActionProvider.scala:62)
	at scala.meta.internal.metals.CodeActionProvider$$anonfun$1.applyOrElse(CodeActionProvider.scala:61)
	at scala.collection.immutable.List.collect(List.scala:323)
	at scala.meta.internal.metals.CodeActionProvider.codeActions(CodeActionProvider.scala:61)
	at scala.meta.internal.metals.MetalsLanguageServer.$anonfun$codeAction$1(MetalsLanguageServer.scala:1555)
	at scala.meta.internal.metals.CancelTokens$.future(CancelTokens.scala:38)
	at scala.meta.internal.metals.MetalsLanguageServer.codeAction(MetalsLanguageServer.scala:1554)
	... 15 more

[0m2021.12.02 10:55:22 INFO  compiling root (3 scala sources)[0m
[0m2021.12.02 10:55:22 INFO  time: compiled root in 0.27s[0m
[0m2021.12.02 10:55:31 INFO  compiling root (3 scala sources)[0m
[0m2021.12.02 10:55:31 INFO  time: compiled root in 0.26s[0m
[0m2021.12.02 10:55:35 INFO  compiling root (3 scala sources)[0m
[0m2021.12.02 10:55:35 INFO  time: compiled root in 0.29s[0m
[0m2021.12.02 10:55:47 INFO  compiling root (3 scala sources)[0m
[0m2021.12.02 10:55:47 INFO  time: compiled root in 0.24s[0m
[0m2021.12.02 10:55:52 INFO  compiling root (3 scala sources)[0m
[0m2021.12.02 10:55:52 INFO  time: compiled root in 0.24s[0m
[0m2021.12.02 10:56:14 INFO  compiling root (3 scala sources)[0m
[0m2021.12.02 10:56:14 INFO  time: compiled root in 0.24s[0m
gru 02, 2021 10:56:22 AM org.eclipse.lsp4j.jsonrpc.RemoteEndpoint handleCancellation
WARNING: Unmatched cancel notification for request id 1000
gru 02, 2021 10:56:24 AM org.eclipse.lsp4j.jsonrpc.RemoteEndpoint handleCancellation
WARNING: Unmatched cancel notification for request id 1005
gru 02, 2021 10:56:25 AM org.eclipse.lsp4j.jsonrpc.RemoteEndpoint handleCancellation
WARNING: Unmatched cancel notification for request id 1011
[0m2021.12.02 10:56:31 ERROR code navigation does not work for the file '/Users/kamilpostrozny/Documents/Projects/personal/advent/src/main/scala/day2.scala' because the SemanticDB file '/Users/kamilpostrozny/Documents/Projects/personal/advent/.bloop/root/bloop-bsp-clients-classes/classes-Metals-UuOOb5OmQsKj8RLk1_aobg==/META-INF/semanticdb/src/main/scala/day2.scala.semanticdb' doesn't exist. There can be many reasons for this error. [0m
gru 02, 2021 10:56:32 AM org.eclipse.lsp4j.jsonrpc.RemoteEndpoint handleCancellation
WARNING: Unmatched cancel notification for request id 1021
gru 02, 2021 10:56:35 AM org.eclipse.lsp4j.jsonrpc.RemoteEndpoint fallbackResponseError
SEVERE: Internal error: java.lang.ArrayIndexOutOfBoundsException
java.util.concurrent.CompletionException: java.lang.ArrayIndexOutOfBoundsException
	at java.base/java.util.concurrent.CompletableFuture.encodeThrowable(CompletableFuture.java:331)
	at java.base/java.util.concurrent.CompletableFuture.completeThrowable(CompletableFuture.java:346)
	at java.base/java.util.concurrent.CompletableFuture$UniAccept.tryFire(CompletableFuture.java:704)
	at java.base/java.util.concurrent.CompletableFuture.postComplete(CompletableFuture.java:506)
	at java.base/java.util.concurrent.CompletableFuture.completeExceptionally(CompletableFuture.java:2088)
	at scala.meta.internal.metals.CancelTokens$.$anonfun$future$1(CancelTokens.scala:40)
	at scala.meta.internal.metals.CancelTokens$.$anonfun$future$1$adapted(CancelTokens.scala:38)
	at scala.concurrent.impl.CallbackRunnable.run(Promise.scala:64)
	at java.base/java.util.concurrent.ThreadPoolExecutor.runWorker(ThreadPoolExecutor.java:1128)
	at java.base/java.util.concurrent.ThreadPoolExecutor$Worker.run(ThreadPoolExecutor.java:628)
	at java.base/java.lang.Thread.run(Thread.java:829)
Caused by: java.lang.ArrayIndexOutOfBoundsException

gru 02, 2021 10:56:37 AM org.eclipse.lsp4j.jsonrpc.RemoteEndpoint fallbackResponseError
SEVERE: Internal error: java.lang.ArrayIndexOutOfBoundsException
java.util.concurrent.CompletionException: java.lang.ArrayIndexOutOfBoundsException
	at java.base/java.util.concurrent.CompletableFuture.encodeThrowable(CompletableFuture.java:331)
	at java.base/java.util.concurrent.CompletableFuture.completeThrowable(CompletableFuture.java:346)
	at java.base/java.util.concurrent.CompletableFuture$UniAccept.tryFire(CompletableFuture.java:704)
	at java.base/java.util.concurrent.CompletableFuture.postComplete(CompletableFuture.java:506)
	at java.base/java.util.concurrent.CompletableFuture.completeExceptionally(CompletableFuture.java:2088)
	at scala.meta.internal.metals.CancelTokens$.$anonfun$future$1(CancelTokens.scala:40)
	at scala.meta.internal.metals.CancelTokens$.$anonfun$future$1$adapted(CancelTokens.scala:38)
	at scala.concurrent.impl.CallbackRunnable.run(Promise.scala:64)
	at java.base/java.util.concurrent.ThreadPoolExecutor.runWorker(ThreadPoolExecutor.java:1128)
	at java.base/java.util.concurrent.ThreadPoolExecutor$Worker.run(ThreadPoolExecutor.java:628)
	at java.base/java.lang.Thread.run(Thread.java:829)
Caused by: java.lang.ArrayIndexOutOfBoundsException

gru 02, 2021 10:56:38 AM org.eclipse.lsp4j.jsonrpc.RemoteEndpoint fallbackResponseError
SEVERE: Internal error: java.lang.ArrayIndexOutOfBoundsException
java.util.concurrent.CompletionException: java.lang.ArrayIndexOutOfBoundsException
	at java.base/java.util.concurrent.CompletableFuture.encodeThrowable(CompletableFuture.java:331)
	at java.base/java.util.concurrent.CompletableFuture.completeThrowable(CompletableFuture.java:346)
	at java.base/java.util.concurrent.CompletableFuture$UniAccept.tryFire(CompletableFuture.java:704)
	at java.base/java.util.concurrent.CompletableFuture.postComplete(CompletableFuture.java:506)
	at java.base/java.util.concurrent.CompletableFuture.completeExceptionally(CompletableFuture.java:2088)
	at scala.meta.internal.metals.CancelTokens$.$anonfun$future$1(CancelTokens.scala:40)
	at scala.meta.internal.metals.CancelTokens$.$anonfun$future$1$adapted(CancelTokens.scala:38)
	at scala.concurrent.impl.CallbackRunnable.run(Promise.scala:64)
	at java.base/java.util.concurrent.ThreadPoolExecutor.runWorker(ThreadPoolExecutor.java:1128)
	at java.base/java.util.concurrent.ThreadPoolExecutor$Worker.run(ThreadPoolExecutor.java:628)
	at java.base/java.lang.Thread.run(Thread.java:829)
Caused by: java.lang.ArrayIndexOutOfBoundsException

[0m2021.12.02 10:57:12 INFO  compiling root (3 scala sources)[0m
[0m2021.12.02 10:57:12 INFO  time: compiled root in 0.32s[0m
gru 02, 2021 10:57:17 AM org.eclipse.lsp4j.jsonrpc.RemoteEndpoint handleCancellation
WARNING: Unmatched cancel notification for request id 1202
gru 02, 2021 10:57:35 AM org.eclipse.lsp4j.jsonrpc.services.GenericEndpoint notify
INFO: Unsupported notification method: $/setTrace
[0m2021.12.02 10:58:39 INFO  compiling root (1 scala source)[0m
[0m2021.12.02 10:58:39 INFO  time: compiled root in 91ms[0m
[0m2021.12.02 10:58:40 INFO  compiling root (1 scala source)[0m
[0m2021.12.02 10:58:40 INFO  time: compiled root in 0.22s[0m
[0m2021.12.02 10:58:57 INFO  compiling root (1 scala source)[0m
[0m2021.12.02 10:58:57 INFO  time: compiled root in 0.21s[0m
[0m2021.12.02 10:59:21 INFO  compiling root (1 scala source)[0m
[0m2021.12.02 10:59:21 INFO  time: compiled root in 0.23s[0m
[0m2021.12.02 10:59:28 INFO  compiling root (1 scala source)[0m
[0m2021.12.02 10:59:28 INFO  time: compiled root in 0.22s[0m
[0m2021.12.02 10:59:33 INFO  compiling root (1 scala source)[0m
[0m2021.12.02 10:59:33 INFO  time: compiled root in 0.26s[0m
[0m2021.12.02 10:59:35 INFO  compiling root (1 scala source)[0m
[0m2021.12.02 10:59:35 INFO  time: compiled root in 0.24s[0m
[0m2021.12.02 10:59:43 INFO  compiling root (1 scala source)[0m
[0m2021.12.02 10:59:43 INFO  time: compiled root in 0.24s[0m
[0m2021.12.02 11:02:01 INFO  compiling root (1 scala source)[0m
[0m2021.12.02 11:02:01 INFO  time: compiled root in 0.25s[0m
[0m2021.12.02 11:02:13 INFO  compiling root (1 scala source)[0m
[0m2021.12.02 11:02:13 INFO  time: compiled root in 0.21s[0m
[0m2021.12.02 11:02:22 INFO  compiling root (1 scala source)[0m
[0m2021.12.02 11:02:22 INFO  time: compiled root in 0.33s[0m
[0m2021.12.02 11:02:27 INFO  compiling root (1 scala source)[0m
[0m2021.12.02 11:02:27 INFO  time: compiled root in 0.23s[0m
[0m2021.12.02 11:02:33 INFO  compiling root (1 scala source)[0m
[0m2021.12.02 11:02:33 INFO  time: compiled root in 0.46s[0m
[0m2021.12.02 11:02:49 INFO  compiling root (1 scala source)[0m
[0m2021.12.02 11:02:49 INFO  time: compiled root in 0.38s[0m
[0m2021.12.02 11:03:10 INFO  compiling root (1 scala source)[0m
[0m2021.12.02 11:03:10 INFO  time: compiled root in 0.4s[0m
[0m2021.12.02 11:06:27 INFO  compiling root (1 scala source)[0m
[0m2021.12.02 11:06:27 INFO  time: compiled root in 0.17s[0m
[0m2021.12.02 11:06:31 INFO  compiling root (1 scala source)[0m
[0m2021.12.02 11:06:31 INFO  time: compiled root in 99ms[0m
[0m2021.12.02 11:07:46 INFO  compiling root (1 scala source)[0m
[0m2021.12.02 11:07:46 INFO  time: compiled root in 0.1s[0m
[0m2021.12.02 11:07:49 INFO  compiling root (1 scala source)[0m
[0m2021.12.02 11:07:49 INFO  time: compiled root in 76ms[0m
[0m2021.12.02 11:07:51 INFO  compiling root (1 scala source)[0m
[0m2021.12.02 11:07:51 INFO  time: compiled root in 0.24s[0m
[0m2021.12.02 11:07:56 INFO  compiling root (1 scala source)[0m
[0m2021.12.02 11:07:56 INFO  time: compiled root in 0.33s[0m
[0m2021.12.02 11:08:10 INFO  compiling root (1 scala source)[0m
[0m2021.12.02 11:08:10 INFO  time: compiled root in 0.16s[0m
[0m2021.12.02 11:08:25 INFO  compiling root (1 scala source)[0m
[0m2021.12.02 11:08:25 INFO  time: compiled root in 0.3s[0m
[0m2021.12.02 11:08:46 INFO  compiling root (1 scala source)[0m
[0m2021.12.02 11:08:46 INFO  time: compiled root in 0.28s[0m
Exception in thread "pool-6-thread-1" java.lang.ClassCastException: class dotty.tools.dotc.core.Symbols$NoSymbol$ cannot be cast to class dotty.tools.dotc.core.Symbols$ClassSymbol (dotty.tools.dotc.core.Symbols$NoSymbol$ and dotty.tools.dotc.core.Symbols$ClassSymbol are in unnamed module of loader java.net.URLClassLoader @794bf7e)
	at dotty.tools.dotc.core.Symbols$Symbol.asClass(Symbols.scala:172)
	at dotty.tools.dotc.util.Signatures$.toSignature(Signatures.scala:82)
	at scala.meta.internal.pc.ScalaPresentationCompiler.$anonfun$11(ScalaPresentationCompiler.scala:384)
	at scala.collection.immutable.List.flatMap(List.scala:293)
	at scala.meta.internal.pc.ScalaPresentationCompiler.signatureHelp$$anonfun$1(ScalaPresentationCompiler.scala:384)
	at scala.meta.internal.pc.CompilerAccess.withSharedCompiler(CompilerAccess.scala:137)
	at scala.meta.internal.pc.CompilerAccess.withNonInterruptableCompiler$$anonfun$1(CompilerAccess.scala:125)
	at scala.meta.internal.pc.CompilerAccess.onCompilerJobQueue$$anonfun$1(CompilerAccess.scala:197)
	at scala.meta.internal.pc.CompilerJobQueue$Job.run(CompilerJobQueue.scala:139)
	at java.base/java.util.concurrent.ThreadPoolExecutor.runWorker(ThreadPoolExecutor.java:1128)
	at java.base/java.util.concurrent.ThreadPoolExecutor$Worker.run(ThreadPoolExecutor.java:628)
	at java.base/java.lang.Thread.run(Thread.java:829)
[0m2021.12.02 11:09:00 INFO  compiling root (1 scala source)[0m
[0m2021.12.02 11:09:00 INFO  time: compiled root in 0.26s[0m
[0m2021.12.02 11:09:05 INFO  compiling root (1 scala source)[0m
[0m2021.12.02 11:09:05 INFO  time: compiled root in 0.3s[0m
[0m2021.12.02 11:09:50 INFO  compiling root (1 scala source)[0m
[0m2021.12.02 11:09:50 INFO  time: compiled root in 0.24s[0m
[0m2021.12.02 11:10:38 INFO  compiling root (1 scala source)[0m
[0m2021.12.02 11:10:38 INFO  time: compiled root in 0.24s[0m
Exception in thread "pool-6-thread-2" java.util.NoSuchElementException: head of empty String
	at scala.collection.StringOps$.head$extension(StringOps.scala:1129)
	at dotty.tools.dotc.semanticdb.Scala3$StringOps$.isJavaIdent(Scala3.scala:405)
	at scala.meta.internal.pc.SemanticdbSymbols$.addName$1(SemanticdbSymbols.scala:92)
	at scala.meta.internal.pc.SemanticdbSymbols$.addDescriptor$1(SemanticdbSymbols.scala:127)
	at scala.meta.internal.pc.SemanticdbSymbols$.addSymName(SemanticdbSymbols.scala:137)
	at scala.meta.internal.pc.SemanticdbSymbols$.symbolName(SemanticdbSymbols.scala:79)
	at scala.meta.internal.pc.CompletionProvider.visit$1(CompletionProvider.scala:116)
	at scala.meta.internal.pc.CompletionProvider.$anonfun$5(CompletionProvider.scala:138)
	at scala.meta.internal.pc.CompletionProvider.enrichWithSymbolSearch$$anonfun$1(CompletionProvider.scala:70)
	at scala.collection.immutable.List.map(List.scala:250)
	at scala.meta.internal.pc.CompletionProvider.enrichWithSymbolSearch(CompletionProvider.scala:70)
	at scala.meta.internal.pc.CompletionProvider.filterInteresting(CompletionProvider.scala:138)
	at scala.meta.internal.pc.CompletionProvider.completions(CompletionProvider.scala:44)
	at scala.meta.internal.pc.ScalaPresentationCompiler.complete$$anonfun$1(ScalaPresentationCompiler.scala:166)
	at scala.meta.internal.pc.CompilerAccess.withSharedCompiler(CompilerAccess.scala:137)
	at scala.meta.internal.pc.CompilerAccess.$anonfun$1(CompilerAccess.scala:87)
	at scala.meta.internal.pc.CompilerAccess.onCompilerJobQueue$$anonfun$1(CompilerAccess.scala:197)
	at scala.meta.internal.pc.CompilerJobQueue$Job.run(CompilerJobQueue.scala:139)
	at java.base/java.util.concurrent.ThreadPoolExecutor.runWorker(ThreadPoolExecutor.java:1128)
	at java.base/java.util.concurrent.ThreadPoolExecutor$Worker.run(ThreadPoolExecutor.java:628)
	at java.base/java.lang.Thread.run(Thread.java:829)
[0m2021.12.02 11:11:31 INFO  compiling root (1 scala source)[0m
[0m2021.12.02 11:11:31 INFO  time: compiled root in 0.25s[0m
[0m2021.12.02 11:11:37 INFO  compiling root (1 scala source)[0m
[0m2021.12.02 11:11:37 INFO  time: compiled root in 0.1s[0m
[0m2021.12.02 11:11:49 INFO  compiling root (1 scala source)[0m
[0m2021.12.02 11:11:49 INFO  time: compiled root in 0.24s[0m
[0m2021.12.02 11:11:51 INFO  compiling root (1 scala source)[0m
[0m2021.12.02 11:11:51 INFO  time: compiled root in 0.24s[0m
[0m2021.12.02 11:12:44 INFO  compiling root (1 scala source)[0m
[0m2021.12.02 11:12:44 INFO  time: compiled root in 0.23s[0m
[0m2021.12.02 11:13:07 INFO  compiling root (1 scala source)[0m
[0m2021.12.02 11:13:07 INFO  time: compiled root in 0.21s[0m
[0m2021.12.02 11:13:15 INFO  compiling root (1 scala source)[0m
[0m2021.12.02 11:13:15 INFO  time: compiled root in 0.23s[0m
[0m2021.12.02 11:13:18 INFO  compiling root (1 scala source)[0m
[0m2021.12.02 11:13:18 INFO  time: compiled root in 0.22s[0m
Exception in thread "pool-6-thread-3" java.util.NoSuchElementException: head of empty String
	at scala.collection.StringOps$.head$extension(StringOps.scala:1129)
	at dotty.tools.dotc.semanticdb.Scala3$StringOps$.isJavaIdent(Scala3.scala:405)
	at scala.meta.internal.pc.SemanticdbSymbols$.addName$1(SemanticdbSymbols.scala:92)
	at scala.meta.internal.pc.SemanticdbSymbols$.addDescriptor$1(SemanticdbSymbols.scala:127)
	at scala.meta.internal.pc.SemanticdbSymbols$.addSymName(SemanticdbSymbols.scala:137)
	at scala.meta.internal.pc.SemanticdbSymbols$.symbolName(SemanticdbSymbols.scala:79)
	at scala.meta.internal.pc.CompletionProvider.visit$1(CompletionProvider.scala:116)
	at scala.meta.internal.pc.CompletionProvider.$anonfun$5(CompletionProvider.scala:138)
	at scala.meta.internal.pc.CompletionProvider.enrichWithSymbolSearch$$anonfun$1(CompletionProvider.scala:70)
	at scala.collection.immutable.List.map(List.scala:250)
	at scala.meta.internal.pc.CompletionProvider.enrichWithSymbolSearch(CompletionProvider.scala:70)
	at scala.meta.internal.pc.CompletionProvider.filterInteresting(CompletionProvider.scala:138)
	at scala.meta.internal.pc.CompletionProvider.completions(CompletionProvider.scala:44)
	at scala.meta.internal.pc.ScalaPresentationCompiler.complete$$anonfun$1(ScalaPresentationCompiler.scala:166)
	at scala.meta.internal.pc.CompilerAccess.withSharedCompiler(CompilerAccess.scala:137)
	at scala.meta.internal.pc.CompilerAccess.$anonfun$1(CompilerAccess.scala:87)
	at scala.meta.internal.pc.CompilerAccess.onCompilerJobQueue$$anonfun$1(CompilerAccess.scala:197)
	at scala.meta.internal.pc.CompilerJobQueue$Job.run(CompilerJobQueue.scala:139)
	at java.base/java.util.concurrent.ThreadPoolExecutor.runWorker(ThreadPoolExecutor.java:1128)
	at java.base/java.util.concurrent.ThreadPoolExecutor$Worker.run(ThreadPoolExecutor.java:628)
	at java.base/java.lang.Thread.run(Thread.java:829)
[0m2021.12.02 11:13:23 INFO  compiling root (1 scala source)[0m
[0m2021.12.02 11:13:23 INFO  time: compiled root in 0.23s[0m
[0m2021.12.02 11:13:48 INFO  compiling root (1 scala source)[0m
[0m2021.12.02 11:13:48 INFO  time: compiled root in 0.1s[0m
[0m2021.12.02 11:13:56 INFO  compiling root (1 scala source)[0m
[0m2021.12.02 11:13:56 INFO  time: compiled root in 0.23s[0m
[0m2021.12.02 11:15:10 INFO  compiling root (1 scala source)[0m
[0m2021.12.02 11:15:10 INFO  time: compiled root in 0.22s[0m
[0m2021.12.02 11:15:23 INFO  compiling root (1 scala source)[0m
[0m2021.12.02 11:15:23 INFO  time: compiled root in 0.12s[0m
[0m2021.12.02 11:15:34 INFO  compiling root (1 scala source)[0m
[0m2021.12.02 11:15:34 INFO  time: compiled root in 0.25s[0m
[0m2021.12.02 11:15:40 INFO  compiling root (1 scala source)[0m
[0m2021.12.02 11:15:40 INFO  time: compiled root in 0.23s[0m
[0m2021.12.02 11:16:20 INFO  compiling root (1 scala source)[0m
[0m2021.12.02 11:16:20 INFO  time: compiled root in 0.2s[0m
[0m2021.12.02 11:16:29 INFO  compiling root (1 scala source)[0m
[0m2021.12.02 11:16:29 INFO  time: compiled root in 0.24s[0m
[0m2021.12.02 11:16:48 INFO  compiling root (1 scala source)[0m
[0m2021.12.02 11:16:48 INFO  time: compiled root in 0.22s[0m
[0m2021.12.02 11:16:50 INFO  compiling root (1 scala source)[0m
[0m2021.12.02 11:16:50 INFO  time: compiled root in 0.22s[0m
[0m2021.12.02 11:17:45 INFO  compiling root (1 scala source)[0m
[0m2021.12.02 11:17:45 INFO  time: compiled root in 0.24s[0m
[0m2021.12.02 11:18:51 INFO  compiling root (1 scala source)[0m
[0m2021.12.02 11:18:51 INFO  time: compiled root in 0.24s[0m
[0m2021.12.02 11:19:11 INFO  compiling root (1 scala source)[0m
[0m2021.12.02 11:19:11 INFO  time: compiled root in 0.23s[0m
Exception in thread "pool-6-thread-4" java.util.NoSuchElementException: head of empty String
	at scala.collection.StringOps$.head$extension(StringOps.scala:1129)
	at dotty.tools.dotc.semanticdb.Scala3$StringOps$.isJavaIdent(Scala3.scala:405)
	at scala.meta.internal.pc.SemanticdbSymbols$.addName$1(SemanticdbSymbols.scala:92)
	at scala.meta.internal.pc.SemanticdbSymbols$.addDescriptor$1(SemanticdbSymbols.scala:127)
	at scala.meta.internal.pc.SemanticdbSymbols$.addSymName(SemanticdbSymbols.scala:137)
	at scala.meta.internal.pc.SemanticdbSymbols$.symbolName(SemanticdbSymbols.scala:79)
	at scala.meta.internal.pc.CompletionProvider.visit$1(CompletionProvider.scala:116)
	at scala.meta.internal.pc.CompletionProvider.$anonfun$5(CompletionProvider.scala:138)
	at scala.meta.internal.pc.CompletionProvider.enrichWithSymbolSearch$$anonfun$1(CompletionProvider.scala:70)
	at scala.collection.immutable.List.map(List.scala:250)
	at scala.meta.internal.pc.CompletionProvider.enrichWithSymbolSearch(CompletionProvider.scala:70)
	at scala.meta.internal.pc.CompletionProvider.filterInteresting(CompletionProvider.scala:138)
	at scala.meta.internal.pc.CompletionProvider.completions(CompletionProvider.scala:44)
	at scala.meta.internal.pc.ScalaPresentationCompiler.complete$$anonfun$1(ScalaPresentationCompiler.scala:166)
	at scala.meta.internal.pc.CompilerAccess.withSharedCompiler(CompilerAccess.scala:137)
	at scala.meta.internal.pc.CompilerAccess.$anonfun$1(CompilerAccess.scala:87)
	at scala.meta.internal.pc.CompilerAccess.onCompilerJobQueue$$anonfun$1(CompilerAccess.scala:197)
	at scala.meta.internal.pc.CompilerJobQueue$Job.run(CompilerJobQueue.scala:139)
	at java.base/java.util.concurrent.ThreadPoolExecutor.runWorker(ThreadPoolExecutor.java:1128)
	at java.base/java.util.concurrent.ThreadPoolExecutor$Worker.run(ThreadPoolExecutor.java:628)
	at java.base/java.lang.Thread.run(Thread.java:829)
[0m2021.12.02 11:19:25 INFO  compiling root (1 scala source)[0m
[0m2021.12.02 11:19:25 INFO  time: compiled root in 0.21s[0m
[0m2021.12.02 11:19:29 INFO  Deduplicating compilation of root from bsp client 'Metals 0.10.9' (since 31m 31.931s)[0m
[0m2021.12.02 11:19:29 WARN  Error downloading ch.epfl.scala:scala-expression-compiler_3.1.0:2.0.11
  not found: /Users/kamilpostrozny/.ivy2/local/ch.epfl.scala/scala-expression-compiler_3.1.0/2.0.11/ivys/ivy.xml
  not found: https://repo1.maven.org/maven2/ch/epfl/scala/scala-expression-compiler_3.1.0/2.0.11/scala-expression-compiler_3.1.0-2.0.11.pom[0m
[0m2021.12.02 11:19:29 WARN  Expression evaluation will not work.[0m
[0m2021.12.02 11:19:30 INFO  tracing is disabled for protocol dap-server, to enable tracing of incoming and outgoing JSON messages create an empty file at /Users/kamilpostrozny/Library/Caches/org.scalameta.metals/dap-server.trace.json[0m
[0m2021.12.02 11:19:30 INFO  tracing is disabled for protocol dap-client, to enable tracing of incoming and outgoing JSON messages create an empty file at /Users/kamilpostrozny/Library/Caches/org.scalameta.metals/dap-client.trace.json[0m
[0m2021.12.02 11:19:30 INFO  Starting debug proxy for [main][0m
[0m2021.12.02 11:19:32 INFO  Trying to attach to remote debuggee VM localhost:61178 .[0m
[0m2021.12.02 11:19:32 INFO  Attaching to debuggee VM succeeded.[0m
[0m2021.12.02 11:19:32 INFO  Canceling debug proxy for [main][0m
[0m2021.12.02 11:19:32 INFO  Closing debug server tcp://0.0.0.0:61175[0m
[0m2021.12.02 11:23:37 INFO  compiling root (1 scala source)[0m
[0m2021.12.02 11:23:37 INFO  time: compiled root in 0.23s[0m
[0m2021.12.02 12:33:38 INFO  compiling root (1 scala source)[0m
[0m2021.12.02 12:33:38 INFO  shutting down Metals[0m
[0m2021.12.02 12:33:38 INFO  Shut down connection with build server.[0m
[0m2021.12.02 12:33:38 INFO  Shut down connection with build server.[0m
No more data in the server stdin, exiting...
No more data in the server stdin, exiting...
No more data in the client stdin, exiting...
No more data in the client stdin, exiting...
No more data in the server stdin, exiting...
No more data in the server stdin, exiting...
